<?xml version="1.0" encoding="UTF-8"?>
<!-- Generated by org.testng.reporters.JUnitReportReporter -->
<testsuite hostname="LAPTOP-DDAIILUL" failures="0" tests="1" name="Scripts.Testcase1" time="27.077" errors="0" timestamp="2023-10-11T20:56:40 IST" skipped="0">
  <testcase classname="Scripts.Testcase1" name="tc1" time="27.077"/>
</testsuite> <!-- Scripts.Testcase1 -->
