<?xml version="1.0" encoding="UTF-8"?>
<!-- Generated by org.testng.reporters.JUnitReportReporter -->
<testsuite hostname="LAPTOP-DDAIILUL" failures="0" tests="1" name="Scripts.TestCase1_1" time="26.700" errors="0" timestamp="2023-10-11T20:46:33 IST" skipped="0">
  <testcase classname="Scripts.TestCase1_1" name="tc1" time="26.700"/>
</testsuite> <!-- Scripts.TestCase1_1 -->
