<?xml version="1.0" encoding="UTF-8"?>
<!-- Generated by org.testng.reporters.JUnitReportReporter -->
<testsuite hostname="LAPTOP-DDAIILUL" failures="0" tests="1" name="Scripts.TestCase2" time="30.428" errors="0" timestamp="2023-10-11T21:06:27 IST" skipped="0">
  <testcase classname="Scripts.TestCase2" name="tc2" time="30.428"/>
</testsuite> <!-- Scripts.TestCase2 -->
